# JRE version: Java(TM) SE Runtime Environment (17.0.12+8) (build 17.0.12+8-LTS-286)
# Java VM: Java HotSpot(TM) 64-Bit Server VM (17.0.12+8-LTS-286, mixed mode, sharing, tiered, compressed oops, compressed class ptrs, g1 gc, windows-amd64)
GC Precious Log:
 CPUs: 8 total, 8 available
 Memory: 8016M
 Large Page Support: Disabled
 NUMA Support: Disabled
 Compressed Oops: Enabled (32-bit)
 Heap Region Size: 1M
 Heap Min Capacity: 8M
 Heap Initial Capacity: 126M
 Heap Max Capacity: 2G
 Pre-touch: Disabled
 Parallel Workers: 8
 Concurrent Workers: 2
 Concurrent Refinement Workers: 8
 Periodic GC: Disabled
Heap:
 garbage-first heap   total 135168K, used 65280K [0x0000000080000000, 0x0000000100000000)
  region size 1024K, 1 young (1024K), 1 survivors (1024K)
 Metaspace       used 69981K, committed 70784K, reserved 1114112K
  class space    used 9439K, committed 9856K, reserved 1048576K
GC Heap History (20 events):
Event: 113.643 GC heap after
{Heap after GC invocations=29 (full 0):
 garbage-first heap   total 97280K, used 54116K [0x0000000080000000, 0x0000000100000000)
  region size 1024K, 1 young (1024K), 1 survivors (1024K)
 Metaspace       used 68098K, committed 68864K, reserved 1114112K
  class space    used 9288K, committed 9664K, reserved 1048576K
}
Event: 122.481 GC heap before
{Heap before GC invocations=29 (full 0):
 garbage-first heap   total 97280K, used 79716K [0x0000000080000000, 0x0000000100000000)
  region size 1024K, 27 young (27648K), 1 survivors (1024K)
 Metaspace       used 68393K, committed 69120K, reserved 1114112K
  class space    used 9303K, committed 9664K, reserved 1048576K
}
Event: 122.484 GC heap after
{Heap after GC invocations=30 (full 0):
 garbage-first heap   total 97280K, used 54413K [0x0000000080000000, 0x0000000100000000)
  region size 1024K, 2 young (2048K), 2 survivors (2048K)
 Metaspace       used 68393K, committed 69120K, reserved 1114112K
  class space    used 9303K, committed 9664K, reserved 1048576K
}
Event: 132.324 GC heap before
{Heap before GC invocations=31 (full 0):
 garbage-first heap   total 97280K, used 81037K [0x0000000080000000, 0x0000000100000000)
  region size 1024K, 28 young (28672K), 2 survivors (2048K)
 Metaspace       used 68658K, committed 69440K, reserved 1114112K
  class space    used 9316K, committed 9728K, reserved 1048576K
}
Event: 132.329 GC heap after
{Heap after GC invocations=32 (full 0):
 garbage-first heap   total 97280K, used 55548K [0x0000000080000000, 0x0000000100000000)
  region size 1024K, 3 young (3072K), 3 survivors (3072K)
 Metaspace       used 68658K, committed 69440K, reserved 1114112K
  class space    used 9316K, committed 9728K, reserved 1048576K
}
Event: 132.339 GC heap before
{Heap before GC invocations=32 (full 0):
 garbage-first heap   total 97280K, used 56572K [0x0000000080000000, 0x0000000100000000)
  region size 1024K, 4 young (4096K), 3 survivors (3072K)
 Metaspace       used 68659K, committed 69440K, reserved 1114112K
  class space    used 9316K, committed 9728K, reserved 1048576K
}
Event: 132.347 GC heap after
{Heap after GC invocations=33 (full 0):
 garbage-first heap   total 97280K, used 55831K [0x0000000080000000, 0x0000000100000000)
  region size 1024K, 1 young (1024K), 1 survivors (1024K)
 Metaspace       used 68659K, committed 69440K, reserved 1114112K
  class space    used 9316K, committed 9728K, reserved 1048576K
}
Event: 132.924 GC heap before
{Heap before GC invocations=33 (full 0):
 garbage-first heap   total 97280K, used 82455K [0x0000000080000000, 0x0000000100000000)
  region size 1024K, 26 young (26624K), 1 survivors (1024K)
 Metaspace       used 68794K, committed 69568K, reserved 1114112K
  class space    used 9326K, committed 9728K, reserved 1048576K
}
Event: 132.926 GC heap after
{Heap after GC invocations=34 (full 0):
 garbage-first heap   total 97280K, used 58303K [0x0000000080000000, 0x0000000100000000)
  region size 1024K, 2 young (2048K), 2 survivors (2048K)
 Metaspace       used 68794K, committed 69568K, reserved 1114112K
  class space    used 9326K, committed 9728K, reserved 1048576K
}
Event: 133.618 GC heap before
{Heap before GC invocations=35 (full 0):
 garbage-first heap   total 119808K, used 80831K [0x0000000080000000, 0x0000000100000000)
  region size 1024K, 23 young (23552K), 2 survivors (2048K)
 Metaspace       used 69117K, committed 69888K, reserved 1114112K
  class space    used 9379K, committed 9792K, reserved 1048576K
}
Event: 133.623 GC heap after
{Heap after GC invocations=36 (full 0):
 garbage-first heap   total 119808K, used 56975K [0x0000000080000000, 0x0000000100000000)
  region size 1024K, 1 young (1024K), 1 survivors (1024K)
 Metaspace       used 69117K, committed 69888K, reserved 1114112K
  class space    used 9379K, committed 9792K, reserved 1048576K
}
Event: 133.771 GC heap before
{Heap before GC invocations=36 (full 0):
 garbage-first heap   total 119808K, used 61071K [0x0000000080000000, 0x0000000100000000)
  region size 1024K, 5 young (5120K), 1 survivors (1024K)
 Metaspace       used 69147K, committed 69888K, reserved 1114112K
  class space    used 9382K, committed 9792K, reserved 1048576K
}
Event: 133.773 GC heap after
{Heap after GC invocations=37 (full 0):
 garbage-first heap   total 119808K, used 57570K [0x0000000080000000, 0x0000000100000000)
  region size 1024K, 1 young (1024K), 1 survivors (1024K)
 Metaspace       used 69147K, committed 69888K, reserved 1114112K
  class space    used 9382K, committed 9792K, reserved 1048576K
}
Event: 143.439 GC heap before
{Heap before GC invocations=37 (full 0):
 garbage-first heap   total 119808K, used 102626K [0x0000000080000000, 0x0000000100000000)
  region size 1024K, 43 young (44032K), 1 survivors (1024K)
 Metaspace       used 69692K, committed 70592K, reserved 1114112K
  class space    used 9437K, committed 9856K, reserved 1048576K
}
Event: 143.444 GC heap after
{Heap after GC invocations=38 (full 0):
 garbage-first heap   total 119808K, used 61661K [0x0000000080000000, 0x0000000100000000)
  region size 1024K, 4 young (4096K), 4 survivors (4096K)
 Metaspace       used 69692K, committed 70592K, reserved 1114112K
  class space    used 9437K, committed 9856K, reserved 1048576K
}
Event: 144.353 GC heap before
{Heap before GC invocations=38 (full 0):
 garbage-first heap   total 119808K, used 88285K [0x0000000080000000, 0x0000000100000000)
  region size 1024K, 31 young (31744K), 4 survivors (4096K)
 Metaspace       used 69888K, committed 70784K, reserved 1114112K
  class space    used 9438K, committed 9856K, reserved 1048576K
}
Event: 144.363 GC heap after
{Heap after GC invocations=39 (full 0):
 garbage-first heap   total 119808K, used 64291K [0x0000000080000000, 0x0000000100000000)
  region size 1024K, 3 young (3072K), 3 survivors (3072K)
 Metaspace       used 69888K, committed 70784K, reserved 1114112K
  class space    used 9438K, committed 9856K, reserved 1048576K
}
Event: 144.759 GC heap before
{Heap before GC invocations=40 (full 0):
 garbage-first heap   total 135168K, used 105251K [0x0000000080000000, 0x0000000100000000)
  region size 1024K, 37 young (37888K), 3 survivors (3072K)
 Metaspace       used 69940K, committed 70784K, reserved 1114112K
  class space    used 9439K, committed 9856K, reserved 1048576K
}
Event: 144.763 GC heap after
{Heap after GC invocations=41 (full 0):
 garbage-first heap   total 135168K, used 65712K [0x0000000080000000, 0x0000000100000000)
  region size 1024K, 3 young (3072K), 3 survivors (3072K)
 Metaspace       used 69940K, committed 70784K, reserved 1114112K
  class space    used 9439K, committed 9856K, reserved 1048576K
}
Event: 147.672 GC heap before
{Heap before GC invocations=41 (full 0):
 garbage-first heap   total 135168K, used 67760K [0x0000000080000000, 0x0000000100000000)
  region size 1024K, 6 young (6144K), 3 survivors (3072K)
 Metaspace       used 69981K, committed 70784K, reserved 1114112K
  class space    used 9439K, committed 9856K, reserved 1048576K
}

